app/build/intermediates/manifest_merge_blame_file/debug/processDebugMainManifest/manifest-merger-blame-debug-report.txt
1<?xml version="1.0" encoding="utf-8"?>
2<manifest xmlns:android="http://schemas.android.com/apk/res/android"
3    package="com.example.manitasgo"
4    android:versionCode="1"
5    android:versionName="1.0" >
6
7    <uses-sdk
8        android:minSdkVersion="26"
9        android:targetSdkVersion="34" />
10
11    <uses-permission android:name="android.permission.INTERNET" />
11-->src\main\AndroidManifest.xml:2:5-66
11-->src\main\AndroidManifest.xml:2:22-64
12    <uses-permission android:name="android.permission.ACCESS_FINE_LOCATION" />
12-->src\main\AndroidManifest.xml:3:5-78
12-->src\main\AndroidManifest.xml:3:22-76
13    <uses-permission android:name="android.permission.ACCESS_COARSE_LOCATION" />
13-->src\main\AndroidManifest.xml:4:5-80
13-->src\main\AndroidManifest.xml:4:22-78
14    <uses-permission android:name="android.permission.CAMERA" />
14-->src\main\AndroidManifest.xml:5:5-64
14-->src\main\AndroidManifest.xml:5:22-62
15    <uses-permission android:name="android.permission.READ_EXTERNAL_STORAGE" />
15-->src\main\AndroidManifest.xml:6:5-80
15-->src\main\AndroidManifest.xml:6:22-77
16    <uses-permission android:name="android.permission.READ_MEDIA_IMAGES" />
16-->src\main\AndroidManifest.xml:7:5-75
16-->src\main\AndroidManifest.xml:7:22-73
17
18    <permission
18-->[androidx.core:core:1.13.0] AndroidManifest.xml:22:5-24:47
19        android:name="com.example.manitasgo.DYNAMIC_RECEIVER_NOT_EXPORTED_PERMISSION"
19-->[androidx.core:core:1.13.0] AndroidManifest.xml:23:9-81
20        android:protectionLevel="signature" />
20-->[androidx.core:core:1.13.0] AndroidManifest.xml:24:9-44
21
22    <uses-permission android:name="com.example.manitasgo.DYNAMIC_RECEIVER_NOT_EXPORTED_PERMISSION" />
22-->[androidx.core:core:1.13.0] AndroidManifest.xml:26:5-97
22-->[androidx.core:core:1.13.0] AndroidManifest.xml:26:22-94
23
24    <application
24-->src\main\AndroidManifest.xml:8:5-21:19
25        android:name="com.example.manitasgo.ManitasGoApp"
25-->src\main\AndroidManifest.xml:8:18-46
26        android:allowBackup="true"
26-->src\main\AndroidManifest.xml:8:47-73
27        android:appComponentFactory="androidx.core.app.CoreComponentFactory"
27-->[androidx.core:core:1.13.0] AndroidManifest.xml:28:18-86
28        android:debuggable="true"
29        android:extractNativeLibs="false"
30        android:icon="@mipmap/ic_launcher"
30-->src\main\AndroidManifest.xml:8:74-108
31        android:label="@string/app_name"
31-->src\main\AndroidManifest.xml:8:109-141
32        android:roundIcon="@mipmap/ic_launcher_round"
32-->src\main\AndroidManifest.xml:8:142-187
33        android:supportsRtl="true"
33-->src\main\AndroidManifest.xml:8:188-214
34        android:testOnly="true"
35        android:theme="@style/Theme.ManitasGo"
35-->src\main\AndroidManifest.xml:8:215-253
36        android:usesCleartextTraffic="false" >
36-->src\main\AndroidManifest.xml:8:254-290
37        <activity
37-->src\main\AndroidManifest.xml:9:9-14:20
38            android:name="com.example.manitasgo.ui.activity.SplashActivity"
38-->src\main\AndroidManifest.xml:9:19-61
39            android:exported="true"
39-->src\main\AndroidManifest.xml:9:62-85
40            android:theme="@style/Theme.ManitasGo.Splash" >
40-->src\main\AndroidManifest.xml:9:86-131
41            <intent-filter>
41-->src\main\AndroidManifest.xml:10:13-13:29
42                <action android:name="android.intent.action.MAIN" />
42-->src\main\AndroidManifest.xml:11:17-68
42-->src\main\AndroidManifest.xml:11:25-66
43
44                <category android:name="android.intent.category.LAUNCHER" />
44-->src\main\AndroidManifest.xml:12:17-76
44-->src\main\AndroidManifest.xml:12:27-74
45            </intent-filter>
46        </activity>
47        <activity
47-->src\main\AndroidManifest.xml:15:9-137
48            android:name="com.example.manitasgo.ui.activity.AuthActivity"
48-->src\main\AndroidManifest.xml:15:19-59
49            android:exported="false"
49-->src\main\AndroidManifest.xml:15:60-84
50            android:theme="@style/Theme.ManitasGo.NoActionBar" />
50-->src\main\AndroidManifest.xml:15:85-135
51        <activity
51-->src\main\AndroidManifest.xml:16:9-140
52            android:name="com.example.manitasgo.ui.activity.ClienteActivity"
52-->src\main\AndroidManifest.xml:16:19-62
53            android:exported="false"
53-->src\main\AndroidManifest.xml:16:63-87
54            android:theme="@style/Theme.ManitasGo.NoActionBar" />
54-->src\main\AndroidManifest.xml:16:88-138
55        <activity
55-->src\main\AndroidManifest.xml:17:9-141
56            android:name="com.example.manitasgo.ui.activity.VendedorActivity"
56-->src\main\AndroidManifest.xml:17:19-63
57            android:exported="false"
57-->src\main\AndroidManifest.xml:17:64-88
58            android:theme="@style/Theme.ManitasGo.NoActionBar" />
58-->src\main\AndroidManifest.xml:17:89-139
59        <activity
59-->src\main\AndroidManifest.xml:18:9-206
60            android:name="com.example.manitasgo.ui.activity.DetalleComercioActivity"
60-->src\main\AndroidManifest.xml:18:19-70
61            android:exported="false"
61-->src\main\AndroidManifest.xml:18:71-95
62            android:parentActivityName="com.example.manitasgo.ui.activity.ClienteActivity"
62-->src\main\AndroidManifest.xml:18:96-153
63            android:theme="@style/Theme.ManitasGo.NoActionBar" />
63-->src\main\AndroidManifest.xml:18:154-204
64        <activity
64-->src\main\AndroidManifest.xml:19:9-206
65            android:name="com.example.manitasgo.ui.activity.EditarProductoActivity"
65-->src\main\AndroidManifest.xml:19:19-69
66            android:exported="false"
66-->src\main\AndroidManifest.xml:19:70-94
67            android:parentActivityName="com.example.manitasgo.ui.activity.VendedorActivity"
67-->src\main\AndroidManifest.xml:19:95-153
68            android:theme="@style/Theme.ManitasGo.NoActionBar" />
68-->src\main\AndroidManifest.xml:19:154-204
69        <activity
69-->src\main\AndroidManifest.xml:20:9-206
70            android:name="com.example.manitasgo.ui.activity.EditarComercioActivity"
70-->src\main\AndroidManifest.xml:20:19-69
71            android:exported="false"
71-->src\main\AndroidManifest.xml:20:70-94
72            android:parentActivityName="com.example.manitasgo.ui.activity.VendedorActivity"
72-->src\main\AndroidManifest.xml:20:95-153
73            android:theme="@style/Theme.ManitasGo.NoActionBar" />
73-->src\main\AndroidManifest.xml:20:154-204
74        <activity
74-->[com.google.android.gms:play-services-base:18.5.0] AndroidManifest.xml:5:9-173
75            android:name="com.google.android.gms.common.api.GoogleApiActivity"
75-->[com.google.android.gms:play-services-base:18.5.0] AndroidManifest.xml:5:19-85
76            android:exported="false"
76-->[com.google.android.gms:play-services-base:18.5.0] AndroidManifest.xml:5:146-170
77            android:theme="@android:style/Theme.Translucent.NoTitleBar" />
77-->[com.google.android.gms:play-services-base:18.5.0] AndroidManifest.xml:5:86-145
78
79        <meta-data
79-->[com.google.android.gms:play-services-basement:18.4.0] AndroidManifest.xml:6:9-122
80            android:name="com.google.android.gms.version"
80-->[com.google.android.gms:play-services-basement:18.4.0] AndroidManifest.xml:6:20-65
81            android:value="@integer/google_play_services_version" />
81-->[com.google.android.gms:play-services-basement:18.4.0] AndroidManifest.xml:6:66-119
82
83        <provider
83-->[androidx.emoji2:emoji2:1.3.0] AndroidManifest.xml:24:9-32:20
84            android:name="androidx.startup.InitializationProvider"
84-->[androidx.emoji2:emoji2:1.3.0] AndroidManifest.xml:25:13-67
85            android:authorities="com.example.manitasgo.androidx-startup"
85-->[androidx.emoji2:emoji2:1.3.0] AndroidManifest.xml:26:13-68
86            android:exported="false" >
86-->[androidx.emoji2:emoji2:1.3.0] AndroidManifest.xml:27:13-37
87            <meta-data
87-->[androidx.emoji2:emoji2:1.3.0] AndroidManifest.xml:29:13-31:52
88                android:name="androidx.emoji2.text.EmojiCompatInitializer"
88-->[androidx.emoji2:emoji2:1.3.0] AndroidManifest.xml:30:17-75
89                android:value="androidx.startup" />
89-->[androidx.emoji2:emoji2:1.3.0] AndroidManifest.xml:31:17-49
90            <meta-data
90-->[androidx.lifecycle:lifecycle-process:2.8.4] AndroidManifest.xml:29:13-31:52
91                android:name="androidx.lifecycle.ProcessLifecycleInitializer"
91-->[androidx.lifecycle:lifecycle-process:2.8.4] AndroidManifest.xml:30:17-78
92                android:value="androidx.startup" />
92-->[androidx.lifecycle:lifecycle-process:2.8.4] AndroidManifest.xml:31:17-49
93            <meta-data
93-->[androidx.profileinstaller:profileinstaller:1.3.1] AndroidManifest.xml:29:13-31:52
94                android:name="androidx.profileinstaller.ProfileInstallerInitializer"
94-->[androidx.profileinstaller:profileinstaller:1.3.1] AndroidManifest.xml:30:17-85
95                android:value="androidx.startup" />
95-->[androidx.profileinstaller:profileinstaller:1.3.1] AndroidManifest.xml:31:17-49
96        </provider>
97
98        <receiver
98-->[androidx.profileinstaller:profileinstaller:1.3.1] AndroidManifest.xml:34:9-52:20
99            android:name="androidx.profileinstaller.ProfileInstallReceiver"
99-->[androidx.profileinstaller:profileinstaller:1.3.1] AndroidManifest.xml:35:13-76
100            android:directBootAware="false"
100-->[androidx.profileinstaller:profileinstaller:1.3.1] AndroidManifest.xml:36:13-44
101            android:enabled="true"
101-->[androidx.profileinstaller:profileinstaller:1.3.1] AndroidManifest.xml:37:13-35
102            android:exported="true"
102-->[androidx.profileinstaller:profileinstaller:1.3.1] AndroidManifest.xml:38:13-36
103            android:permission="android.permission.DUMP" >
103-->[androidx.profileinstaller:profileinstaller:1.3.1] AndroidManifest.xml:39:13-57
104            <intent-filter>
104-->[androidx.profileinstaller:profileinstaller:1.3.1] AndroidManifest.xml:40:13-42:29
105                <action android:name="androidx.profileinstaller.action.INSTALL_PROFILE" />
105-->[androidx.profileinstaller:profileinstaller:1.3.1] AndroidManifest.xml:41:17-91
105-->[androidx.profileinstaller:profileinstaller:1.3.1] AndroidManifest.xml:41:25-88
106            </intent-filter>
107            <intent-filter>
107-->[androidx.profileinstaller:profileinstaller:1.3.1] AndroidManifest.xml:43:13-45:29
108                <action android:name="androidx.profileinstaller.action.SKIP_FILE" />
108-->[androidx.profileinstaller:profileinstaller:1.3.1] AndroidManifest.xml:44:17-85
108-->[androidx.profileinstaller:profileinstaller:1.3.1] AndroidManifest.xml:44:25-82
109            </intent-filter>
110            <intent-filter>
110-->[androidx.profileinstaller:profileinstaller:1.3.1] AndroidManifest.xml:46:13-48:29
111                <action android:name="androidx.profileinstaller.action.SAVE_PROFILE" />
111-->[androidx.profileinstaller:profileinstaller:1.3.1] AndroidManifest.xml:47:17-88
111-->[androidx.profileinstaller:profileinstaller:1.3.1] AndroidManifest.xml:47:25-85
112            </intent-filter>
113            <intent-filter>
113-->[androidx.profileinstaller:profileinstaller:1.3.1] AndroidManifest.xml:49:13-51:29
114                <action android:name="androidx.profileinstaller.action.BENCHMARK_OPERATION" />
114-->[androidx.profileinstaller:profileinstaller:1.3.1] AndroidManifest.xml:50:17-95
114-->[androidx.profileinstaller:profileinstaller:1.3.1] AndroidManifest.xml:50:25-92
115            </intent-filter>
116        </receiver>
117    </application>
118
119</manifest>